<?xml version="1.0" encoding="UTF-8"?>
<!-- Generated by org.testng.reporters.JUnitReportReporter -->
<testsuite hostname="Anarose" failures="0" tests="4" name="testLayer.LoginTest" time="23.195" errors="0" timestamp="2023-02-03T10:47:57 EST" skipped="0">
  <testcase classname="testLayer.LoginTest" name="Title" time="2.802"/>
  <system-out/>
  <testcase classname="testLayer.LoginTest" name="Login" time="6.237"/>
  <system-out/>
  <testcase classname="testLayer.LoginTest" name="Login" time="7.839"/>
  <system-out/>
  <testcase classname="testLayer.LoginTest" name="Login" time="6.317"/>
  <system-out/>
</testsuite> <!-- testLayer.LoginTest -->
